
[INFO ][2022-03-12 11:17:32,571][lab.Tasks]  - answer from 1st task is: 1.586013452313403E15
[INFO ][2022-03-12 11:17:32,577][lab.Tasks]  - the area of the triangle = 131.26947363003185
[INFO ][2022-03-12 11:17:32,580][lab.Tasks]  - phone charges = 314.0
[INFO ][2022-03-12 11:17:32,598][lab.Tasks]  - the last digit of the square =5
[INFO ][2022-03-12 11:17:32,602][lab.Tasks]  - Последняя цифра куба = 5
[INFO ][2022-03-12 11:17:32,610][lab.Tasks]  - 2 
[INFO ][2022-03-12 11:17:32,611][lab.Tasks]  - 3 
[INFO ][2022-03-12 11:17:32,612][lab.Tasks]  - 4 
[INFO ][2022-03-12 11:17:32,612][lab.Tasks]  - 5 
[INFO ][2022-03-12 11:17:32,614][lab.Tasks]  - 6 
[INFO ][2022-03-12 11:17:32,614][lab.Tasks]  - 7 
[INFO ][2022-03-12 11:17:32,616][lab.Tasks]  - amount = 0.23901681632931066
[INFO ][2022-03-12 11:17:32,617][lab.Tasks]  - 1 
[INFO ][2022-03-12 11:17:32,618][lab.Tasks]  - 4 
[INFO ][2022-03-12 11:17:32,618][lab.Tasks]  - 9 
[INFO ][2022-03-12 11:17:32,619][lab.Tasks]  - 16 
[INFO ][2022-03-12 11:17:32,619][lab.Tasks]  - 25 
[INFO ][2022-03-12 11:17:32,619][lab.Tasks]  - 36 
[INFO ][2022-03-12 11:17:32,620][lab.Tasks]  - 49 
[INFO ][2022-03-12 11:17:32,620][lab.Tasks]  - 64 
[INFO ][2022-03-12 11:17:32,621][lab.Tasks]  - 81 
[INFO ][2022-03-12 11:17:32,621][lab.Tasks]  - 100 
